0 info it worked if it ends with ok
1 verbose cli [ '/Users/peter/.nvm/versions/node/v7.7.3/bin/node',
1 verbose cli   '/Users/peter/.nvm/versions/node/v7.7.3/bin/npm',
1 verbose cli   'install',
1 verbose cli   'zlib',
1 verbose cli   '--save' ]
2 info using npm@4.1.2
3 info using node@v7.7.3
4 silly loadCurrentTree Starting
5 silly install loadCurrentTree
6 silly install readLocalPackageData
7 silly fetchPackageMetaData zlib
8 silly fetchNamedPackageData zlib
9 silly mapToRegistry name zlib
10 silly mapToRegistry using default registry
11 silly mapToRegistry registry https://registry.npmjs.org/
12 silly mapToRegistry data Result {
12 silly mapToRegistry   raw: 'zlib',
12 silly mapToRegistry   scope: null,
12 silly mapToRegistry   escapedName: 'zlib',
12 silly mapToRegistry   name: 'zlib',
12 silly mapToRegistry   rawSpec: '',
12 silly mapToRegistry   spec: 'latest',
12 silly mapToRegistry   type: 'tag' }
13 silly mapToRegistry uri https://registry.npmjs.org/zlib
14 verbose request uri https://registry.npmjs.org/zlib
15 verbose request no auth needed
16 info attempt registry request try #1 at 5:00:59 PM
17 verbose request id b7a8db50e28312fb
18 verbose etag W/"59018531-17d3"
19 verbose lastModified Thu, 27 Apr 2017 05:44:17 GMT
20 http request GET https://registry.npmjs.org/zlib
21 http 304 https://registry.npmjs.org/zlib
22 verbose headers { date: 'Thu, 11 May 2017 09:00:59 GMT',
22 verbose headers   via: '1.1 varnish',
22 verbose headers   'cache-control': 'max-age=300',
22 verbose headers   etag: 'W/"59018531-17d3"',
22 verbose headers   age: '10',
22 verbose headers   connection: 'keep-alive',
22 verbose headers   'x-served-by': 'cache-itm7427-ITM',
22 verbose headers   'x-cache': 'HIT',
22 verbose headers   'x-cache-hits': '1',
22 verbose headers   'x-timer': 'S1494493260.552989,VS0,VE0',
22 verbose headers   vary: 'Accept-Encoding' }
23 silly get cb [ 304,
23 silly get   { date: 'Thu, 11 May 2017 09:00:59 GMT',
23 silly get     via: '1.1 varnish',
23 silly get     'cache-control': 'max-age=300',
23 silly get     etag: 'W/"59018531-17d3"',
23 silly get     age: '10',
23 silly get     connection: 'keep-alive',
23 silly get     'x-served-by': 'cache-itm7427-ITM',
23 silly get     'x-cache': 'HIT',
23 silly get     'x-cache-hits': '1',
23 silly get     'x-timer': 'S1494493260.552989,VS0,VE0',
23 silly get     vary: 'Accept-Encoding' } ]
24 verbose etag https://registry.npmjs.org/zlib from cache
25 verbose get saving zlib to /Users/peter/.npm/registry.npmjs.org/zlib/.cache.json
26 verbose correctMkdir /Users/peter/.npm correctMkdir not in flight; initializing
27 silly install normalizeTree
28 silly loadCurrentTree Finishing
29 silly loadIdealTree Starting
30 silly install loadIdealTree
31 silly cloneCurrentTree Starting
32 silly install cloneCurrentTreeToIdealTree
33 silly cloneCurrentTree Finishing
34 silly loadShrinkwrap Starting
35 silly install loadShrinkwrap
36 silly loadShrinkwrap Finishing
37 silly loadAllDepsIntoIdealTree Starting
38 silly install loadAllDepsIntoIdealTree
39 silly resolveWithNewModule zlib@1.0.5 checking installable status
40 silly cache add args [ 'zlib', null ]
41 verbose cache add spec zlib
42 silly cache add parsed spec Result {
42 silly cache add   raw: 'zlib',
42 silly cache add   scope: null,
42 silly cache add   escapedName: 'zlib',
42 silly cache add   name: 'zlib',
42 silly cache add   rawSpec: '',
42 silly cache add   spec: 'latest',
42 silly cache add   type: 'tag' }
43 silly addNamed zlib@latest
44 verbose addNamed "latest" is being treated as a dist-tag for zlib
45 info addNameTag [ 'zlib', 'latest' ]
46 silly mapToRegistry name zlib
47 silly mapToRegistry using default registry
48 silly mapToRegistry registry https://registry.npmjs.org/
49 silly mapToRegistry data Result {
49 silly mapToRegistry   raw: 'zlib',
49 silly mapToRegistry   scope: null,
49 silly mapToRegistry   escapedName: 'zlib',
49 silly mapToRegistry   name: 'zlib',
49 silly mapToRegistry   rawSpec: '',
49 silly mapToRegistry   spec: 'latest',
49 silly mapToRegistry   type: 'tag' }
50 silly mapToRegistry uri https://registry.npmjs.org/zlib
51 verbose addNameTag registry:https://registry.npmjs.org/zlib not in flight; fetching
52 verbose get https://registry.npmjs.org/zlib not expired, no request
53 silly addNameTag next cb for zlib with tag latest
54 silly addNamed zlib@1.0.5
55 verbose addNamed "1.0.5" is a plain semver version for zlib
56 silly cache afterAdd zlib@1.0.5
57 verbose afterAdd /Users/peter/.npm/zlib/1.0.5/package/package.json not in flight; writing
58 verbose correctMkdir /Users/peter/.npm correctMkdir not in flight; initializing
59 verbose afterAdd /Users/peter/.npm/zlib/1.0.5/package/package.json written
60 silly loadAllDepsIntoIdealTree Finishing
61 silly loadIdealTree Finishing
62 silly currentTree bonraybio@0.0.0
62 silly currentTree ├── accepts@1.3.3
62 silly currentTree ├── acorn-globals@1.0.9
62 silly currentTree ├── acorn@2.7.0
62 silly currentTree ├── adm-zip@0.4.7
62 silly currentTree ├── ajv@4.11.5
62 silly currentTree ├── align-text@0.1.4
62 silly currentTree ├── amdefine@1.0.1
62 silly currentTree ├── append-field@0.1.0
62 silly currentTree ├── array-flatten@1.1.1
62 silly currentTree ├── asap@1.0.0
62 silly currentTree ├── asn1@0.2.3
62 silly currentTree ├── assert-plus@0.2.0
62 silly currentTree ├── assertion-error@1.0.2
62 silly currentTree ├── async@2.1.5
62 silly currentTree ├── asynckit@0.4.0
62 silly currentTree ├── aws-sign2@0.6.0
62 silly currentTree ├── aws4@1.6.0
62 silly currentTree ├── basic-auth@1.0.4
62 silly currentTree ├── bcrypt-pbkdf@1.0.1
62 silly currentTree ├── bluebird@2.10.2
62 silly currentTree ├─┬ body-parser@1.16.1
62 silly currentTree │ └── debug@2.6.1
62 silly currentTree ├── boom@2.10.1
62 silly currentTree ├── bson@1.0.4
62 silly currentTree ├── buffer-shims@1.0.0
62 silly currentTree ├─┬ busboy@0.2.14
62 silly currentTree │ ├── isarray@0.0.1
62 silly currentTree │ └── readable-stream@1.1.14
62 silly currentTree ├── bytes@2.4.0
62 silly currentTree ├── camelcase@1.2.1
62 silly currentTree ├── caseless@0.12.0
62 silly currentTree ├── center-align@0.1.3
62 silly currentTree ├── chai@3.5.0
62 silly currentTree ├── character-parser@1.2.1
62 silly currentTree ├─┬ clean-css@3.4.25
62 silly currentTree │ └── commander@2.8.1
62 silly currentTree ├─┬ cliui@2.1.0
62 silly currentTree │ └── wordwrap@0.0.2
62 silly currentTree ├── co@4.6.0
62 silly currentTree ├── combined-stream@1.0.5
62 silly currentTree ├── commander@2.6.0
62 silly currentTree ├─┬ concat-stream@1.6.0
62 silly currentTree │ ├── readable-stream@2.2.9
62 silly currentTree │ └── string_decoder@1.0.0
62 silly currentTree ├── connect-flash@0.1.1
62 silly currentTree ├── connect-memcached@0.2.0
62 silly currentTree ├── connection-parse@0.0.7
62 silly currentTree ├── constantinople@3.0.2
62 silly currentTree ├── content-disposition@0.5.2
62 silly currentTree ├── content-type@1.0.2
62 silly currentTree ├── cookie-parser@1.4.3
62 silly currentTree ├── cookie-signature@1.0.6
62 silly currentTree ├── cookie@0.3.1
62 silly currentTree ├── core-util-is@1.0.2
62 silly currentTree ├── crc@3.4.4
62 silly currentTree ├── cryptiles@2.0.5
62 silly currentTree ├── css-parse@1.0.4
62 silly currentTree ├── css-stringify@1.0.5
62 silly currentTree ├── css@1.0.8
62 silly currentTree ├─┬ dashdash@1.14.1
62 silly currentTree │ └── assert-plus@1.0.0
62 silly currentTree ├── debug@2.6.3
62 silly currentTree ├── decamelize@1.2.0
62 silly currentTree ├─┬ deep-eql@0.1.3
62 silly currentTree │ └── type-detect@0.1.1
62 silly currentTree ├── delayed-stream@1.0.0
62 silly currentTree ├── depd@1.1.0
62 silly currentTree ├── destroy@1.0.4
62 silly currentTree ├── device@0.3.8
62 silly currentTree ├─┬ dicer@0.2.5
62 silly currentTree │ ├── isarray@0.0.1
62 silly currentTree │ └── readable-stream@1.1.14
62 silly currentTree ├── ecc-jsbn@0.1.1
62 silly currentTree ├── ee-first@1.1.1
62 silly currentTree ├── encodeurl@1.0.1
62 silly currentTree ├── es6-promise@3.2.1
62 silly currentTree ├── escape-html@1.0.3
62 silly currentTree ├── etag@1.7.0
62 silly currentTree ├── eventemitter3@1.2.0
62 silly currentTree ├── express-device@0.4.2
62 silly currentTree ├── express-partials@0.3.0
62 silly currentTree ├── express-session@1.15.2
62 silly currentTree ├─┬ express@4.14.1
62 silly currentTree │ ├── debug@2.2.0
62 silly currentTree │ ├── ms@0.7.1
62 silly currentTree │ └── qs@6.2.0
62 silly currentTree ├── extend@3.0.0
62 silly currentTree ├── extsprintf@1.0.2
62 silly currentTree ├─┬ finalhandler@0.5.1
62 silly currentTree │ ├── debug@2.2.0
62 silly currentTree │ └── ms@0.7.1
62 silly currentTree ├── forever-agent@0.6.1
62 silly currentTree ├── form-data@2.1.2
62 silly currentTree ├── forwarded@0.1.0
62 silly currentTree ├── fresh@0.3.0
62 silly currentTree ├─┬ getpass@0.1.6
62 silly currentTree │ └── assert-plus@1.0.0
62 silly currentTree ├── graceful-readlink@1.0.1
62 silly currentTree ├── handle-thing@1.2.5
62 silly currentTree ├── har-schema@1.0.5
62 silly currentTree ├── har-validator@4.2.1
62 silly currentTree ├── hashring@3.2.0
62 silly currentTree ├── hawk@3.1.3
62 silly currentTree ├── hoek@2.16.3
62 silly currentTree ├── hooks-fixed@2.0.0
62 silly currentTree ├── hpack.js@2.1.6
62 silly currentTree ├── http-deceiver@1.2.7
62 silly currentTree ├── http-errors@1.5.1
62 silly currentTree ├── http-proxy@1.16.2
62 silly currentTree ├── http-signature@1.1.1
62 silly currentTree ├── iconv-lite@0.4.15
62 silly currentTree ├── inherits@2.0.3
62 silly currentTree ├── ipaddr.js@1.2.0
62 silly currentTree ├── is-buffer@1.1.5
62 silly currentTree ├── is-promise@2.1.0
62 silly currentTree ├── is-typedarray@1.0.0
62 silly currentTree ├── isarray@1.0.0
62 silly currentTree ├── isstream@0.1.2
62 silly currentTree ├── jackpot@0.0.6
62 silly currentTree ├── jade@1.11.0
62 silly currentTree ├── jodid25519@1.0.2
62 silly currentTree ├── jsbn@0.1.1
62 silly currentTree ├── json-schema@0.2.3
62 silly currentTree ├── json-stable-stringify@1.0.1
62 silly currentTree ├── json-stringify-safe@5.0.1
62 silly currentTree ├── jsonify@0.0.0
62 silly currentTree ├─┬ jsprim@1.4.0
62 silly currentTree │ └── assert-plus@1.0.0
62 silly currentTree ├── jstransformer@0.0.2
62 silly currentTree ├── kareem@1.2.1
62 silly currentTree ├── kind-of@3.1.0
62 silly currentTree ├── lazy-cache@1.0.4
62 silly currentTree ├── lodash@4.17.4
62 silly currentTree ├── longest@1.0.1
62 silly currentTree ├── lru-cache@2.2.4
62 silly currentTree ├── media-typer@0.3.0
62 silly currentTree ├── memcached@2.2.2
62 silly currentTree ├── merge-descriptors@1.0.1
62 silly currentTree ├── methods@1.1.2
62 silly currentTree ├── mime-db@1.26.0
62 silly currentTree ├── mime-types@2.1.14
62 silly currentTree ├── mime@1.3.4
62 silly currentTree ├── minimalistic-assert@1.0.0
62 silly currentTree ├── minimist@0.0.8
62 silly currentTree ├── mkdir-recursive@0.3.0
62 silly currentTree ├── mkdirp@0.5.1
62 silly currentTree ├── mongodb-core@2.1.9
62 silly currentTree ├── mongodb@2.2.25
62 silly currentTree ├─┬ mongoose@4.9.2
62 silly currentTree │ └── async@2.1.4
62 silly currentTree ├─┬ morgan@1.7.0
62 silly currentTree │ ├── debug@2.2.0
62 silly currentTree │ └── ms@0.7.1
62 silly currentTree ├── mout@0.11.1
62 silly currentTree ├── mpath@0.2.1
62 silly currentTree ├── mpromise@0.5.5
62 silly currentTree ├─┬ mquery@2.3.0
62 silly currentTree │ ├── debug@2.2.0
62 silly currentTree │ ├── ms@0.7.1
62 silly currentTree │ └── sliced@0.0.5
62 silly currentTree ├── ms@0.7.2
62 silly currentTree ├── multer@1.3.0
62 silly currentTree ├── muri@1.2.1
62 silly currentTree ├── negotiator@0.6.1
62 silly currentTree ├── nodemailer@3.1.8
62 silly currentTree ├─┬ nyks@2.31.3
62 silly currentTree │ └── mout@1.0.0
62 silly currentTree ├── oauth-sign@0.8.2
62 silly currentTree ├── object-assign@3.0.0
62 silly currentTree ├── obuf@1.1.1
62 silly currentTree ├── on-finished@2.3.0
62 silly currentTree ├── on-headers@1.0.1
62 silly currentTree ├── openssl@1.1.0
62 silly currentTree ├── optimist@0.3.7
62 silly currentTree ├── os-tmpdir@1.0.2
62 silly currentTree ├── parseurl@1.3.1
62 silly currentTree ├── passport-local-mongoose@1.3.0
62 silly currentTree ├── passport-local@1.0.0
62 silly currentTree ├── passport-strategy@1.0.0
62 silly currentTree ├── passport@0.2.2
62 silly currentTree ├── path-to-regexp@0.1.7
62 silly currentTree ├── pause@0.0.1
62 silly currentTree ├── performance-now@0.2.0
62 silly currentTree ├── process-nextick-args@1.0.7
62 silly currentTree ├── promise@6.1.0
62 silly currentTree ├── proxy-addr@1.1.3
62 silly currentTree ├── punycode@1.4.1
62 silly currentTree ├── qs@6.2.1
62 silly currentTree ├── random-bytes@1.0.0
62 silly currentTree ├── range-parser@1.2.0
62 silly currentTree ├── raw-body@2.2.0
62 silly currentTree ├── readable-stream@2.1.5
62 silly currentTree ├── regexp-clone@0.0.1
62 silly currentTree ├── repeat-string@1.6.1
62 silly currentTree ├─┬ request@2.81.0
62 silly currentTree │ └── qs@6.4.0
62 silly currentTree ├── require_optional@1.0.0
62 silly currentTree ├── requires-port@1.0.0
62 silly currentTree ├── resolve-from@2.0.0
62 silly currentTree ├── retry@0.6.0
62 silly currentTree ├── right-align@0.1.3
62 silly currentTree ├── safe-buffer@5.0.1
62 silly currentTree ├── scmp@1.0.2
62 silly currentTree ├── select-hose@2.0.0
62 silly currentTree ├── semver@5.3.0
62 silly currentTree ├─┬ send@0.14.2
62 silly currentTree │ └─┬ debug@2.2.0
62 silly currentTree │   └── ms@0.7.1
62 silly currentTree ├── serve-favicon@2.3.2
62 silly currentTree ├── serve-static@1.11.2
62 silly currentTree ├── setprototypeof@1.0.2
62 silly currentTree ├── should-equal@1.0.1
62 silly currentTree ├── should-format@3.0.3
62 silly currentTree ├── should-type-adaptors@1.0.1
62 silly currentTree ├── should-type@1.4.0
62 silly currentTree ├── should-util@1.0.0
62 silly currentTree ├── should@11.2.1
62 silly currentTree ├── simple-lru-cache@0.0.2
62 silly currentTree ├── sliced@1.0.1
62 silly currentTree ├── sntp@1.0.9
62 silly currentTree ├── source-map@0.4.4
62 silly currentTree ├── spdy-transport@2.0.18
62 silly currentTree ├── spdy@3.4.4
62 silly currentTree ├─┬ sshpk@1.11.0
62 silly currentTree │ └── assert-plus@1.0.0
62 silly currentTree ├── statuses@1.3.1
62 silly currentTree ├── streamsearch@0.1.2
62 silly currentTree ├── string_decoder@0.10.31
62 silly currentTree ├── stringstream@0.0.5
62 silly currentTree ├── tmp@0.0.31
62 silly currentTree ├── tough-cookie@2.3.2
62 silly currentTree ├─┬ transformers@2.1.0
62 silly currentTree │ ├── is-promise@1.0.1
62 silly currentTree │ ├── promise@2.0.0
62 silly currentTree │ ├── source-map@0.1.43
62 silly currentTree │ └── uglify-js@2.2.5
62 silly currentTree ├── tunnel-agent@0.6.0
62 silly currentTree ├── tweetnacl@0.14.5
62 silly currentTree ├── type-detect@1.0.0
62 silly currentTree ├── type-is@1.6.14
62 silly currentTree ├── typedarray@0.0.6
62 silly currentTree ├─┬ uglify-js@2.8.14
62 silly currentTree │ └── source-map@0.5.6
62 silly currentTree ├── uglify-to-browserify@1.0.2
62 silly currentTree ├── uid-safe@2.1.4
62 silly currentTree ├── unpipe@1.0.0
62 silly currentTree ├── useragent@2.1.12
62 silly currentTree ├── util-deprecate@1.0.2
62 silly currentTree ├─┬ util@0.10.3
62 silly currentTree │ └── inherits@2.0.1
62 silly currentTree ├── utils-merge@1.0.0
62 silly currentTree ├── uuid@3.0.1
62 silly currentTree ├── vary@1.1.1
62 silly currentTree ├── verror@1.3.6
62 silly currentTree ├── void-elements@2.0.1
62 silly currentTree ├── wbuf@1.7.2
62 silly currentTree ├── window-size@0.1.0
62 silly currentTree ├─┬ with@4.0.3
62 silly currentTree │ └── acorn@1.2.2
62 silly currentTree ├── wordwrap@0.0.3
62 silly currentTree ├── xtend@4.0.1
62 silly currentTree └── yargs@3.10.0
63 silly idealTree bonraybio@0.0.0
63 silly idealTree ├── accepts@1.3.3
63 silly idealTree ├── acorn-globals@1.0.9
63 silly idealTree ├── acorn@2.7.0
63 silly idealTree ├── adm-zip@0.4.7
63 silly idealTree ├── ajv@4.11.5
63 silly idealTree ├── align-text@0.1.4
63 silly idealTree ├── amdefine@1.0.1
63 silly idealTree ├── append-field@0.1.0
63 silly idealTree ├── array-flatten@1.1.1
63 silly idealTree ├── asap@1.0.0
63 silly idealTree ├── asn1@0.2.3
63 silly idealTree ├── assert-plus@0.2.0
63 silly idealTree ├── assertion-error@1.0.2
63 silly idealTree ├── async@2.1.5
63 silly idealTree ├── asynckit@0.4.0
63 silly idealTree ├── aws-sign2@0.6.0
63 silly idealTree ├── aws4@1.6.0
63 silly idealTree ├── basic-auth@1.0.4
63 silly idealTree ├── bcrypt-pbkdf@1.0.1
63 silly idealTree ├── bluebird@2.10.2
63 silly idealTree ├─┬ body-parser@1.16.1
63 silly idealTree │ └── debug@2.6.1
63 silly idealTree ├── boom@2.10.1
63 silly idealTree ├── bson@1.0.4
63 silly idealTree ├── buffer-shims@1.0.0
63 silly idealTree ├─┬ busboy@0.2.14
63 silly idealTree │ ├── isarray@0.0.1
63 silly idealTree │ └── readable-stream@1.1.14
63 silly idealTree ├── bytes@2.4.0
63 silly idealTree ├── camelcase@1.2.1
63 silly idealTree ├── caseless@0.12.0
63 silly idealTree ├── center-align@0.1.3
63 silly idealTree ├── chai@3.5.0
63 silly idealTree ├── character-parser@1.2.1
63 silly idealTree ├─┬ clean-css@3.4.25
63 silly idealTree │ └── commander@2.8.1
63 silly idealTree ├─┬ cliui@2.1.0
63 silly idealTree │ └── wordwrap@0.0.2
63 silly idealTree ├── co@4.6.0
63 silly idealTree ├── combined-stream@1.0.5
63 silly idealTree ├── commander@2.6.0
63 silly idealTree ├─┬ concat-stream@1.6.0
63 silly idealTree │ ├── readable-stream@2.2.9
63 silly idealTree │ └── string_decoder@1.0.0
63 silly idealTree ├── connect-flash@0.1.1
63 silly idealTree ├── connect-memcached@0.2.0
63 silly idealTree ├── connection-parse@0.0.7
63 silly idealTree ├── constantinople@3.0.2
63 silly idealTree ├── content-disposition@0.5.2
63 silly idealTree ├── content-type@1.0.2
63 silly idealTree ├── cookie-parser@1.4.3
63 silly idealTree ├── cookie-signature@1.0.6
63 silly idealTree ├── cookie@0.3.1
63 silly idealTree ├── core-util-is@1.0.2
63 silly idealTree ├── crc@3.4.4
63 silly idealTree ├── cryptiles@2.0.5
63 silly idealTree ├── css-parse@1.0.4
63 silly idealTree ├── css-stringify@1.0.5
63 silly idealTree ├── css@1.0.8
63 silly idealTree ├─┬ dashdash@1.14.1
63 silly idealTree │ └── assert-plus@1.0.0
63 silly idealTree ├── debug@2.6.3
63 silly idealTree ├── decamelize@1.2.0
63 silly idealTree ├─┬ deep-eql@0.1.3
63 silly idealTree │ └── type-detect@0.1.1
63 silly idealTree ├── delayed-stream@1.0.0
63 silly idealTree ├── depd@1.1.0
63 silly idealTree ├── destroy@1.0.4
63 silly idealTree ├── device@0.3.8
63 silly idealTree ├─┬ dicer@0.2.5
63 silly idealTree │ ├── isarray@0.0.1
63 silly idealTree │ └── readable-stream@1.1.14
63 silly idealTree ├── ecc-jsbn@0.1.1
63 silly idealTree ├── ee-first@1.1.1
63 silly idealTree ├── encodeurl@1.0.1
63 silly idealTree ├── es6-promise@3.2.1
63 silly idealTree ├── escape-html@1.0.3
63 silly idealTree ├── etag@1.7.0
63 silly idealTree ├── eventemitter3@1.2.0
63 silly idealTree ├── express-device@0.4.2
63 silly idealTree ├── express-partials@0.3.0
63 silly idealTree ├── express-session@1.15.2
63 silly idealTree ├─┬ express@4.14.1
63 silly idealTree │ ├── debug@2.2.0
63 silly idealTree │ ├── ms@0.7.1
63 silly idealTree │ └── qs@6.2.0
63 silly idealTree ├── extend@3.0.0
63 silly idealTree ├── extsprintf@1.0.2
63 silly idealTree ├─┬ finalhandler@0.5.1
63 silly idealTree │ ├── debug@2.2.0
63 silly idealTree │ └── ms@0.7.1
63 silly idealTree ├── forever-agent@0.6.1
63 silly idealTree ├── form-data@2.1.2
63 silly idealTree ├── forwarded@0.1.0
63 silly idealTree ├── fresh@0.3.0
63 silly idealTree ├─┬ getpass@0.1.6
63 silly idealTree │ └── assert-plus@1.0.0
63 silly idealTree ├── graceful-readlink@1.0.1
63 silly idealTree ├── handle-thing@1.2.5
63 silly idealTree ├── har-schema@1.0.5
63 silly idealTree ├── har-validator@4.2.1
63 silly idealTree ├── hashring@3.2.0
63 silly idealTree ├── hawk@3.1.3
63 silly idealTree ├── hoek@2.16.3
63 silly idealTree ├── hooks-fixed@2.0.0
63 silly idealTree ├── hpack.js@2.1.6
63 silly idealTree ├── http-deceiver@1.2.7
63 silly idealTree ├── http-errors@1.5.1
63 silly idealTree ├── http-proxy@1.16.2
63 silly idealTree ├── http-signature@1.1.1
63 silly idealTree ├── iconv-lite@0.4.15
63 silly idealTree ├── inherits@2.0.3
63 silly idealTree ├── ipaddr.js@1.2.0
63 silly idealTree ├── is-buffer@1.1.5
63 silly idealTree ├── is-promise@2.1.0
63 silly idealTree ├── is-typedarray@1.0.0
63 silly idealTree ├── isarray@1.0.0
63 silly idealTree ├── isstream@0.1.2
63 silly idealTree ├── jackpot@0.0.6
63 silly idealTree ├── jade@1.11.0
63 silly idealTree ├── jodid25519@1.0.2
63 silly idealTree ├── jsbn@0.1.1
63 silly idealTree ├── json-schema@0.2.3
63 silly idealTree ├── json-stable-stringify@1.0.1
63 silly idealTree ├── json-stringify-safe@5.0.1
63 silly idealTree ├── jsonify@0.0.0
63 silly idealTree ├─┬ jsprim@1.4.0
63 silly idealTree │ └── assert-plus@1.0.0
63 silly idealTree ├── jstransformer@0.0.2
63 silly idealTree ├── kareem@1.2.1
63 silly idealTree ├── kind-of@3.1.0
63 silly idealTree ├── lazy-cache@1.0.4
63 silly idealTree ├── lodash@4.17.4
63 silly idealTree ├── longest@1.0.1
63 silly idealTree ├── lru-cache@2.2.4
63 silly idealTree ├── media-typer@0.3.0
63 silly idealTree ├── memcached@2.2.2
63 silly idealTree ├── merge-descriptors@1.0.1
63 silly idealTree ├── methods@1.1.2
63 silly idealTree ├── mime-db@1.26.0
63 silly idealTree ├── mime-types@2.1.14
63 silly idealTree ├── mime@1.3.4
63 silly idealTree ├── minimalistic-assert@1.0.0
63 silly idealTree ├── minimist@0.0.8
63 silly idealTree ├── mkdir-recursive@0.3.0
63 silly idealTree ├── mkdirp@0.5.1
63 silly idealTree ├── mongodb-core@2.1.9
63 silly idealTree ├── mongodb@2.2.25
63 silly idealTree ├─┬ mongoose@4.9.2
63 silly idealTree │ └── async@2.1.4
63 silly idealTree ├─┬ morgan@1.7.0
63 silly idealTree │ ├── debug@2.2.0
63 silly idealTree │ └── ms@0.7.1
63 silly idealTree ├── mout@0.11.1
63 silly idealTree ├── mpath@0.2.1
63 silly idealTree ├── mpromise@0.5.5
63 silly idealTree ├─┬ mquery@2.3.0
63 silly idealTree │ ├── debug@2.2.0
63 silly idealTree │ ├── ms@0.7.1
63 silly idealTree │ └── sliced@0.0.5
63 silly idealTree ├── ms@0.7.2
63 silly idealTree ├── multer@1.3.0
63 silly idealTree ├── muri@1.2.1
63 silly idealTree ├── negotiator@0.6.1
63 silly idealTree ├── nodemailer@3.1.8
63 silly idealTree ├─┬ nyks@2.31.3
63 silly idealTree │ └── mout@1.0.0
63 silly idealTree ├── oauth-sign@0.8.2
63 silly idealTree ├── object-assign@3.0.0
63 silly idealTree ├── obuf@1.1.1
63 silly idealTree ├── on-finished@2.3.0
63 silly idealTree ├── on-headers@1.0.1
63 silly idealTree ├── openssl@1.1.0
63 silly idealTree ├── optimist@0.3.7
63 silly idealTree ├── os-tmpdir@1.0.2
63 silly idealTree ├── parseurl@1.3.1
63 silly idealTree ├── passport-local-mongoose@1.3.0
63 silly idealTree ├── passport-local@1.0.0
63 silly idealTree ├── passport-strategy@1.0.0
63 silly idealTree ├── passport@0.2.2
63 silly idealTree ├── path-to-regexp@0.1.7
63 silly idealTree ├── pause@0.0.1
63 silly idealTree ├── performance-now@0.2.0
63 silly idealTree ├── process-nextick-args@1.0.7
63 silly idealTree ├── promise@6.1.0
63 silly idealTree ├── proxy-addr@1.1.3
63 silly idealTree ├── punycode@1.4.1
63 silly idealTree ├── qs@6.2.1
63 silly idealTree ├── random-bytes@1.0.0
63 silly idealTree ├── range-parser@1.2.0
63 silly idealTree ├── raw-body@2.2.0
63 silly idealTree ├── readable-stream@2.1.5
63 silly idealTree ├── regexp-clone@0.0.1
63 silly idealTree ├── repeat-string@1.6.1
63 silly idealTree ├─┬ request@2.81.0
63 silly idealTree │ └── qs@6.4.0
63 silly idealTree ├── require_optional@1.0.0
63 silly idealTree ├── requires-port@1.0.0
63 silly idealTree ├── resolve-from@2.0.0
63 silly idealTree ├── retry@0.6.0
63 silly idealTree ├── right-align@0.1.3
63 silly idealTree ├── safe-buffer@5.0.1
63 silly idealTree ├── scmp@1.0.2
63 silly idealTree ├── select-hose@2.0.0
63 silly idealTree ├── semver@5.3.0
63 silly idealTree ├─┬ send@0.14.2
63 silly idealTree │ └─┬ debug@2.2.0
63 silly idealTree │   └── ms@0.7.1
63 silly idealTree ├── serve-favicon@2.3.2
63 silly idealTree ├── serve-static@1.11.2
63 silly idealTree ├── setprototypeof@1.0.2
63 silly idealTree ├── should-equal@1.0.1
63 silly idealTree ├── should-format@3.0.3
63 silly idealTree ├── should-type-adaptors@1.0.1
63 silly idealTree ├── should-type@1.4.0
63 silly idealTree ├── should-util@1.0.0
63 silly idealTree ├── should@11.2.1
63 silly idealTree ├── simple-lru-cache@0.0.2
63 silly idealTree ├── sliced@1.0.1
63 silly idealTree ├── sntp@1.0.9
63 silly idealTree ├── source-map@0.4.4
63 silly idealTree ├── spdy-transport@2.0.18
63 silly idealTree ├── spdy@3.4.4
63 silly idealTree ├─┬ sshpk@1.11.0
63 silly idealTree │ └── assert-plus@1.0.0
63 silly idealTree ├── statuses@1.3.1
63 silly idealTree ├── streamsearch@0.1.2
63 silly idealTree ├── string_decoder@0.10.31
63 silly idealTree ├── stringstream@0.0.5
63 silly idealTree ├── tmp@0.0.31
63 silly idealTree ├── tough-cookie@2.3.2
63 silly idealTree ├─┬ transformers@2.1.0
63 silly idealTree │ ├── is-promise@1.0.1
63 silly idealTree │ ├── promise@2.0.0
63 silly idealTree │ ├── source-map@0.1.43
63 silly idealTree │ └── uglify-js@2.2.5
63 silly idealTree ├── tunnel-agent@0.6.0
63 silly idealTree ├── tweetnacl@0.14.5
63 silly idealTree ├── type-detect@1.0.0
63 silly idealTree ├── type-is@1.6.14
63 silly idealTree ├── typedarray@0.0.6
63 silly idealTree ├─┬ uglify-js@2.8.14
63 silly idealTree │ └── source-map@0.5.6
63 silly idealTree ├── uglify-to-browserify@1.0.2
63 silly idealTree ├── uid-safe@2.1.4
63 silly idealTree ├── unpipe@1.0.0
63 silly idealTree ├── useragent@2.1.12
63 silly idealTree ├── util-deprecate@1.0.2
63 silly idealTree ├─┬ util@0.10.3
63 silly idealTree │ └── inherits@2.0.1
63 silly idealTree ├── utils-merge@1.0.0
63 silly idealTree ├── uuid@3.0.1
63 silly idealTree ├── vary@1.1.1
63 silly idealTree ├── verror@1.3.6
63 silly idealTree ├── void-elements@2.0.1
63 silly idealTree ├── wbuf@1.7.2
63 silly idealTree ├── window-size@0.1.0
63 silly idealTree ├─┬ with@4.0.3
63 silly idealTree │ └── acorn@1.2.2
63 silly idealTree ├── wordwrap@0.0.3
63 silly idealTree ├── xtend@4.0.1
63 silly idealTree ├── yargs@3.10.0
63 silly idealTree └── zlib@1.0.5
64 silly generateActionsToTake Starting
65 silly install generateActionsToTake
66 silly generateActionsToTake Finishing
67 silly diffTrees action count 1
68 silly diffTrees add zlib@1.0.5
69 silly decomposeActions action count 8
70 silly decomposeActions fetch zlib@1.0.5
71 silly decomposeActions extract zlib@1.0.5
72 silly decomposeActions test zlib@1.0.5
73 silly decomposeActions preinstall zlib@1.0.5
74 silly decomposeActions build zlib@1.0.5
75 silly decomposeActions install zlib@1.0.5
76 silly decomposeActions postinstall zlib@1.0.5
77 silly decomposeActions finalize zlib@1.0.5
78 silly runTopLevelLifecycles Starting
79 silly executeActions Starting
80 silly install executeActions
81 silly doSerial global-install 0
82 silly doParallel fetch 1
83 verbose correctMkdir /Users/peter/.npm/_locks correctMkdir not in flight; initializing
84 verbose lock using /Users/peter/.npm/_locks/staging-c925f6dd50a1ee0c.lock for /Users/peter/Documents/git/server/bonraybio/node_modules/.staging
85 silly doParallel extract 1
86 silly extract zlib@1.0.5
87 verbose unbuild node_modules/.staging/zlib-91a2f7da
88 silly gentlyRm /Users/peter/Documents/git/server/bonraybio/node_modules/.staging/zlib-91a2f7da is being purged from base /Users/peter/Documents/git/server/bonraybio
89 verbose gentlyRm don't care about contents; nuking /Users/peter/Documents/git/server/bonraybio/node_modules/.staging/zlib-91a2f7da
90 verbose tar unpack /Users/peter/.npm/zlib/1.0.5/package.tgz
91 verbose tar unpacking to /Users/peter/Documents/git/server/bonraybio/node_modules/.staging/zlib-91a2f7da
92 silly gentlyRm /Users/peter/Documents/git/server/bonraybio/node_modules/.staging/zlib-91a2f7da is being purged
93 verbose gentlyRm don't care about contents; nuking /Users/peter/Documents/git/server/bonraybio/node_modules/.staging/zlib-91a2f7da
94 silly gunzTarPerm modes [ '755', '644' ]
95 silly gunzTarPerm extractEntry .gitignore
96 silly gunzTarPerm extractEntry configure
97 silly gunzTarPerm extractEntry index.js
98 silly gunzTarPerm extractEntry LICENSE
99 silly gunzTarPerm extractEntry Makefile
100 silly gunzTarPerm extractEntry package.json
101 silly gunzTarPerm extractEntry README.md
102 silly gunzTarPerm extractEntry wscript
103 silly gunzTarPerm extractEntry lib/zlib.js
104 silly gunzTarPerm extractEntry src/node-zlib.cc
105 silly gunzTarPerm extractEntry test/deflate.test.js
106 silly gunzTarPerm extractEntry test/inflate.test.js
107 silly gentlyRm /Users/peter/Documents/git/server/bonraybio/node_modules/.staging/zlib-91a2f7da/node_modules is being purged
108 verbose gentlyRm don't care about contents; nuking /Users/peter/Documents/git/server/bonraybio/node_modules/.staging/zlib-91a2f7da/node_modules
109 silly doParallel preinstall 1
110 silly preinstall zlib@1.0.5
111 info lifecycle zlib@1.0.5~preinstall: zlib@1.0.5
112 verbose lifecycle zlib@1.0.5~preinstall: unsafe-perm in lifecycle true
113 verbose lifecycle zlib@1.0.5~preinstall: PATH: /Users/peter/.nvm/versions/node/v7.7.3/lib/node_modules/npm/bin/node-gyp-bin:/Users/peter/Documents/git/server/bonraybio/node_modules/.staging/zlib-91a2f7da/node_modules/.bin:/Users/peter/Documents/git/server/bonraybio/node_modules/.bin:/Users/peter/.nvm/versions/node/v7.7.3/bin:/usr/local/bin:/usr/bin:/bin:/usr/sbin:/sbin:/usr/local/sbin
114 verbose lifecycle zlib@1.0.5~preinstall: CWD: /Users/peter/Documents/git/server/bonraybio/node_modules/.staging/zlib-91a2f7da
115 silly lifecycle zlib@1.0.5~preinstall: Args: [ '-c', 'node-waf clean || true; node-waf configure build' ]
116 info lifecycle zlib@1.0.5~preinstall: Failed to exec preinstall script
117 verbose unlock done using /Users/peter/.npm/_locks/staging-c925f6dd50a1ee0c.lock for /Users/peter/Documents/git/server/bonraybio/node_modules/.staging
118 silly rollbackFailedOptional Starting
119 silly rollbackFailedOptional Finishing
120 silly runTopLevelLifecycles Finishing
121 silly install printInstalled
122 verbose stack Error: zlib@1.0.5 preinstall: `node-waf clean || true; node-waf configure build`
122 verbose stack spawn ENOENT
122 verbose stack     at ChildProcess.<anonymous> (/Users/peter/.nvm/versions/node/v7.7.3/lib/node_modules/npm/lib/utils/spawn.js:33:16)
122 verbose stack     at emitTwo (events.js:106:13)
122 verbose stack     at ChildProcess.emit (events.js:194:7)
122 verbose stack     at maybeClose (internal/child_process.js:899:16)
122 verbose stack     at Process.ChildProcess._handle.onexit (internal/child_process.js:226:5)
123 verbose pkgid zlib@1.0.5
124 verbose cwd /Users/peter/Documents/git/server/bonraybio
125 error Darwin 16.5.0
126 error argv "/Users/peter/.nvm/versions/node/v7.7.3/bin/node" "/Users/peter/.nvm/versions/node/v7.7.3/bin/npm" "install" "zlib" "--save"
127 error node v7.7.3
128 error npm  v4.1.2
129 error file sh
130 error code ELIFECYCLE
131 error errno ENOENT
132 error syscall spawn
133 error zlib@1.0.5 preinstall: `node-waf clean || true; node-waf configure build`
133 error spawn ENOENT
134 error Failed at the zlib@1.0.5 preinstall script 'node-waf clean || true; node-waf configure build'.
134 error Make sure you have the latest version of node.js and npm installed.
134 error If you do, this is most likely a problem with the zlib package,
134 error not with npm itself.
134 error Tell the author that this fails on your system:
134 error     node-waf clean || true; node-waf configure build
134 error You can get information on how to open an issue for this project with:
134 error     npm bugs zlib
134 error Or if that isn't available, you can get their info via:
134 error     npm owner ls zlib
134 error There is likely additional logging output above.
135 verbose exit [ 1, true ]
